2018-01-17 01:21:11 [INFO]-[cn.edu.fjjxu.iot.server.IotServer] Web Socket服务器启动成功,端口:7397......
2018-01-17 01:21:11 [INFO]-[cn.edu.fjjxu.iot.server.IotServer] Socket服务器启动成功,端口:9000......
2018-01-17 01:23:29 [INFO]-[io.netty.handler.codec.http.websocketx.WebSocketServerHandshaker] 客户端与服务器段开启
2018-01-17 01:23:34 [INFO]-[io.netty.handler.codec.http.websocketx.WebSocketServerHandshaker] 服务器收到:{"code":2,"data":"{\"clientdeviceid\":\"02010001\",\"devicecode\":\"RBGLED\",\"data\":\"\"}"}
2018-01-17 01:23:35 [INFO]-[io.netty.handler.codec.http.websocketx.WebSocketServerHandshaker] 服务器收到:{"code":2,"data":"{\"clientdeviceid\":\"01010001\",\"devicecode\":\"DHT11\",\"data\":\"\"}"}
2018-01-17 01:23:39 [INFO]-[io.netty.handler.codec.http.websocketx.WebSocketServerHandshaker] 服务器收到:{"code":2,"data":"{\"clientdeviceid\":\"02010001\",\"devicecode\":\"RBGLED\",\"data\":\"\"}"}
2018-01-17 01:23:39 [INFO]-[io.netty.handler.codec.http.websocketx.WebSocketServerHandshaker] 服务器收到:{"code":2,"data":"{\"clientdeviceid\":\"01010001\",\"devicecode\":\"DHT11\",\"data\":\"\"}"}
2018-01-17 01:23:44 [INFO]-[io.netty.handler.codec.http.websocketx.WebSocketServerHandshaker] 服务器收到:{"code":2,"data":"{\"clientdeviceid\":\"02010001\",\"devicecode\":\"RBGLED\",\"data\":\"\"}"}
2018-01-17 01:23:44 [INFO]-[io.netty.handler.codec.http.websocketx.WebSocketServerHandshaker] 服务器收到:{"code":2,"data":"{\"clientdeviceid\":\"01010001\",\"devicecode\":\"DHT11\",\"data\":\"\"}"}
2018-01-17 01:23:49 [INFO]-[io.netty.handler.codec.http.websocketx.WebSocketServerHandshaker] 服务器收到:{"code":2,"data":"{\"clientdeviceid\":\"02010001\",\"devicecode\":\"RBGLED\",\"data\":\"\"}"}
2018-01-17 01:23:49 [INFO]-[io.netty.handler.codec.http.websocketx.WebSocketServerHandshaker] 服务器收到:{"code":2,"data":"{\"clientdeviceid\":\"01010001\",\"devicecode\":\"DHT11\",\"data\":\"\"}"}
2018-01-17 01:23:52 [INFO]-[cn.edu.fjjxu.iot.server.ServerHandler] server get :{"code":1,"data":"{\"gateid\":\"1\"}"}
2018-01-17 01:23:52 [INFO]-[cn.edu.fjjxu.iot.service.ChannelService] 添加网关成功：1
2018-01-17 01:23:52 [INFO]-[cn.edu.fjjxu.iot.service.MessageService] [head=118,length=53,content={"code":1,"data":"{\"msg\":\"ok\",\"success\":true}"}]
2018-01-17 01:23:52 [INFO]-[cn.edu.fjjxu.iot.server.ServerHandler] 301bd75d
2018-01-17 01:23:52 [INFO]-[cn.edu.fjjxu.iot.server.ServerHandler] /127.0.0.1:57900
2018-01-17 01:23:52 [INFO]-[cn.edu.fjjxu.iot.server.ServerHandler] server channelReadComplete..
2018-01-17 01:23:54 [INFO]-[io.netty.handler.codec.http.websocketx.WebSocketServerHandshaker] 服务器收到:{"code":2,"data":"{\"clientdeviceid\":\"02010001\",\"devicecode\":\"RBGLED\",\"data\":\"\"}"}
2018-01-17 01:23:54 [INFO]-[io.netty.handler.codec.http.websocketx.WebSocketServerHandshaker] 服务器收到:{"code":2,"data":"{\"clientdeviceid\":\"01010001\",\"devicecode\":\"DHT11\",\"data\":\"\"}"}
2018-01-17 01:23:56 [INFO]-[cn.edu.fjjxu.iot.server.ServerHandler] server get :{"code":2,"data":"[{\"clientdeviceid\":\"01010001\",\"data\":\"{\\\"humi\\\":\\\"10\\\",\\\"temp\\\":\\\"14\\\"}\",\"devicecode\":\"DHT11\"},{\"clientdeviceid\":\"02010001\",\"data\":\"{\\\"color\\\":\\\"g\\\",\\\"power\\\":\\\"on\\\"}\",\"devicecode\":\"RGBLED\"}]"}
2018-01-17 01:23:56 [INFO]-[cn.edu.fjjxu.iot.service.ChannelService] 连接已经建立过了，准备更新设备信息......
2018-01-17 01:23:56 [INFO]-[cn.edu.fjjxu.iot.service.ChannelService] 01010001
2018-01-17 01:23:56 [INFO]-[cn.edu.fjjxu.iot.service.ChannelService] DHT11
2018-01-17 01:23:56 [INFO]-[cn.edu.fjjxu.iot.service.ChannelService] {"humi":"10","temp":"14"}
2018-01-17 01:23:56 [INFO]-[cn.edu.fjjxu.iot.service.ChannelService] 02010001
2018-01-17 01:23:56 [INFO]-[cn.edu.fjjxu.iot.service.ChannelService] RGBLED
2018-01-17 01:23:56 [INFO]-[cn.edu.fjjxu.iot.service.ChannelService] {"color":"g","power":"on"}
2018-01-17 01:23:56 [INFO]-[cn.edu.fjjxu.iot.service.MessageService] [head=118,length=53,content={"code":2,"data":"{\"msg\":\"ok\",\"success\":true}"}]
2018-01-17 01:23:56 [INFO]-[cn.edu.fjjxu.iot.server.ServerHandler] 301bd75d
2018-01-17 01:23:56 [INFO]-[cn.edu.fjjxu.iot.server.ServerHandler] /127.0.0.1:57900
2018-01-17 01:23:56 [INFO]-[cn.edu.fjjxu.iot.server.ServerHandler] server channelReadComplete..
2018-01-17 01:23:59 [INFO]-[io.netty.handler.codec.http.websocketx.WebSocketServerHandshaker] 服务器收到:{"code":2,"data":"{\"clientdeviceid\":\"02010001\",\"devicecode\":\"RBGLED\",\"data\":\"\"}"}
2018-01-17 01:23:59 [INFO]-[io.netty.handler.codec.http.websocketx.WebSocketServerHandshaker] 服务器收到:{"code":2,"data":"{\"clientdeviceid\":\"01010001\",\"devicecode\":\"DHT11\",\"data\":\"\"}"}
2018-01-17 01:24:01 [INFO]-[cn.edu.fjjxu.iot.server.ServerHandler] server get :{"code":2,"data":"[{\"clientdeviceid\":\"01010001\",\"data\":\"{\\\"humi\\\":\\\"15\\\",\\\"temp\\\":\\\"12\\\"}\",\"devicecode\":\"DHT11\"},{\"clientdeviceid\":\"02010001\",\"data\":\"{\\\"color\\\":\\\"g\\\",\\\"power\\\":\\\"on\\\"}\",\"devicecode\":\"RGBLED\"}]"}
2018-01-17 01:24:01 [INFO]-[cn.edu.fjjxu.iot.service.ChannelService] 连接已经建立过了，准备更新设备信息......
2018-01-17 01:24:01 [INFO]-[cn.edu.fjjxu.iot.service.ChannelService] 01010001
2018-01-17 01:24:01 [INFO]-[cn.edu.fjjxu.iot.service.ChannelService] DHT11
2018-01-17 01:24:01 [INFO]-[cn.edu.fjjxu.iot.service.ChannelService] {"humi":"15","temp":"12"}
2018-01-17 01:24:01 [INFO]-[cn.edu.fjjxu.iot.service.ChannelService] 02010001
2018-01-17 01:24:01 [INFO]-[cn.edu.fjjxu.iot.service.ChannelService] RGBLED
2018-01-17 01:24:01 [INFO]-[cn.edu.fjjxu.iot.service.ChannelService] {"color":"g","power":"on"}
2018-01-17 01:24:01 [INFO]-[cn.edu.fjjxu.iot.service.MessageService] [head=118,length=53,content={"code":2,"data":"{\"msg\":\"ok\",\"success\":true}"}]
2018-01-17 01:24:01 [INFO]-[cn.edu.fjjxu.iot.server.ServerHandler] 301bd75d
2018-01-17 01:24:01 [INFO]-[cn.edu.fjjxu.iot.server.ServerHandler] /127.0.0.1:57900
2018-01-17 01:24:01 [INFO]-[cn.edu.fjjxu.iot.server.ServerHandler] server channelReadComplete..
2018-01-17 01:24:04 [INFO]-[io.netty.handler.codec.http.websocketx.WebSocketServerHandshaker] 服务器收到:{"code":2,"data":"{\"clientdeviceid\":\"02010001\",\"devicecode\":\"RBGLED\",\"data\":\"\"}"}
2018-01-17 01:24:04 [INFO]-[io.netty.handler.codec.http.websocketx.WebSocketServerHandshaker] 服务器收到:{"code":2,"data":"{\"clientdeviceid\":\"01010001\",\"devicecode\":\"DHT11\",\"data\":\"\"}"}
2018-01-17 01:24:06 [INFO]-[cn.edu.fjjxu.iot.server.ServerHandler] server get :{"code":2,"data":"[{\"clientdeviceid\":\"01010001\",\"data\":\"{\\\"humi\\\":\\\"10\\\",\\\"temp\\\":\\\"13\\\"}\",\"devicecode\":\"DHT11\"},{\"clientdeviceid\":\"02010001\",\"data\":\"{\\\"color\\\":\\\"g\\\",\\\"power\\\":\\\"on\\\"}\",\"devicecode\":\"RGBLED\"}]"}
2018-01-17 01:24:06 [INFO]-[cn.edu.fjjxu.iot.service.ChannelService] 连接已经建立过了，准备更新设备信息......
2018-01-17 01:24:06 [INFO]-[cn.edu.fjjxu.iot.service.ChannelService] 01010001
2018-01-17 01:24:06 [INFO]-[cn.edu.fjjxu.iot.service.ChannelService] DHT11
2018-01-17 01:24:06 [INFO]-[cn.edu.fjjxu.iot.service.ChannelService] {"humi":"10","temp":"13"}
2018-01-17 01:24:06 [INFO]-[cn.edu.fjjxu.iot.service.ChannelService] 02010001
2018-01-17 01:24:06 [INFO]-[cn.edu.fjjxu.iot.service.ChannelService] RGBLED
2018-01-17 01:24:06 [INFO]-[cn.edu.fjjxu.iot.service.ChannelService] {"color":"g","power":"on"}
2018-01-17 01:24:06 [INFO]-[cn.edu.fjjxu.iot.service.MessageService] [head=118,length=53,content={"code":2,"data":"{\"msg\":\"ok\",\"success\":true}"}]
2018-01-17 01:24:06 [INFO]-[cn.edu.fjjxu.iot.server.ServerHandler] 301bd75d
2018-01-17 01:24:06 [INFO]-[cn.edu.fjjxu.iot.server.ServerHandler] /127.0.0.1:57900
2018-01-17 01:24:06 [INFO]-[cn.edu.fjjxu.iot.server.ServerHandler] server channelReadComplete..
2018-01-17 01:24:09 [INFO]-[io.netty.handler.codec.http.websocketx.WebSocketServerHandshaker] 服务器收到:{"code":2,"data":"{\"clientdeviceid\":\"02010001\",\"devicecode\":\"RBGLED\",\"data\":\"\"}"}
2018-01-17 01:24:09 [INFO]-[io.netty.handler.codec.http.websocketx.WebSocketServerHandshaker] 服务器收到:{"code":2,"data":"{\"clientdeviceid\":\"01010001\",\"devicecode\":\"DHT11\",\"data\":\"\"}"}
2018-01-17 01:24:11 [INFO]-[cn.edu.fjjxu.iot.server.ServerHandler] server get :{"code":2,"data":"[{\"clientdeviceid\":\"01010001\",\"data\":\"{\\\"humi\\\":\\\"15\\\",\\\"temp\\\":\\\"13\\\"}\",\"devicecode\":\"DHT11\"},{\"clientdeviceid\":\"02010001\",\"data\":\"{\\\"color\\\":\\\"g\\\",\\\"power\\\":\\\"on\\\"}\",\"devicecode\":\"RGBLED\"}]"}
2018-01-17 01:24:11 [INFO]-[cn.edu.fjjxu.iot.service.ChannelService] 连接已经建立过了，准备更新设备信息......
2018-01-17 01:24:11 [INFO]-[cn.edu.fjjxu.iot.service.ChannelService] 01010001
2018-01-17 01:24:11 [INFO]-[cn.edu.fjjxu.iot.service.ChannelService] DHT11
2018-01-17 01:24:11 [INFO]-[cn.edu.fjjxu.iot.service.ChannelService] {"humi":"15","temp":"13"}
2018-01-17 01:24:11 [INFO]-[cn.edu.fjjxu.iot.service.ChannelService] 02010001
2018-01-17 01:24:11 [INFO]-[cn.edu.fjjxu.iot.service.ChannelService] RGBLED
2018-01-17 01:24:11 [INFO]-[cn.edu.fjjxu.iot.service.ChannelService] {"color":"g","power":"on"}
2018-01-17 01:24:11 [INFO]-[cn.edu.fjjxu.iot.service.MessageService] [head=118,length=53,content={"code":2,"data":"{\"msg\":\"ok\",\"success\":true}"}]
2018-01-17 01:24:11 [INFO]-[cn.edu.fjjxu.iot.server.ServerHandler] 301bd75d
2018-01-17 01:24:11 [INFO]-[cn.edu.fjjxu.iot.server.ServerHandler] /127.0.0.1:57900
2018-01-17 01:24:11 [INFO]-[cn.edu.fjjxu.iot.server.ServerHandler] server channelReadComplete..
2018-01-17 01:24:14 [INFO]-[io.netty.handler.codec.http.websocketx.WebSocketServerHandshaker] 服务器收到:{"code":2,"data":"{\"clientdeviceid\":\"02010001\",\"devicecode\":\"RBGLED\",\"data\":\"\"}"}
2018-01-17 01:24:14 [INFO]-[io.netty.handler.codec.http.websocketx.WebSocketServerHandshaker] 服务器收到:{"code":2,"data":"{\"clientdeviceid\":\"01010001\",\"devicecode\":\"DHT11\",\"data\":\"\"}"}
2018-01-17 01:24:16 [INFO]-[cn.edu.fjjxu.iot.server.ServerHandler] server get :{"code":2,"data":"[{\"clientdeviceid\":\"01010001\",\"data\":\"{\\\"humi\\\":\\\"15\\\",\\\"temp\\\":\\\"18\\\"}\",\"devicecode\":\"DHT11\"},{\"clientdeviceid\":\"02010001\",\"data\":\"{\\\"color\\\":\\\"g\\\",\\\"power\\\":\\\"on\\\"}\",\"devicecode\":\"RGBLED\"}]"}
2018-01-17 01:24:16 [INFO]-[cn.edu.fjjxu.iot.service.ChannelService] 连接已经建立过了，准备更新设备信息......
2018-01-17 01:24:16 [INFO]-[cn.edu.fjjxu.iot.service.ChannelService] 01010001
2018-01-17 01:24:16 [INFO]-[cn.edu.fjjxu.iot.service.ChannelService] DHT11
2018-01-17 01:24:16 [INFO]-[cn.edu.fjjxu.iot.service.ChannelService] {"humi":"15","temp":"18"}
2018-01-17 01:24:16 [INFO]-[cn.edu.fjjxu.iot.service.ChannelService] 02010001
2018-01-17 01:24:16 [INFO]-[cn.edu.fjjxu.iot.service.ChannelService] RGBLED
2018-01-17 01:24:16 [INFO]-[cn.edu.fjjxu.iot.service.ChannelService] {"color":"g","power":"on"}
2018-01-17 01:24:16 [INFO]-[cn.edu.fjjxu.iot.service.MessageService] [head=118,length=53,content={"code":2,"data":"{\"msg\":\"ok\",\"success\":true}"}]
2018-01-17 01:24:16 [INFO]-[cn.edu.fjjxu.iot.server.ServerHandler] 301bd75d
2018-01-17 01:24:16 [INFO]-[cn.edu.fjjxu.iot.server.ServerHandler] /127.0.0.1:57900
2018-01-17 01:24:16 [INFO]-[cn.edu.fjjxu.iot.server.ServerHandler] server channelReadComplete..
2018-01-17 01:24:19 [INFO]-[io.netty.handler.codec.http.websocketx.WebSocketServerHandshaker] 服务器收到:{"code":2,"data":"{\"clientdeviceid\":\"02010001\",\"devicecode\":\"RBGLED\",\"data\":\"\"}"}
2018-01-17 01:24:19 [INFO]-[io.netty.handler.codec.http.websocketx.WebSocketServerHandshaker] 服务器收到:{"code":2,"data":"{\"clientdeviceid\":\"01010001\",\"devicecode\":\"DHT11\",\"data\":\"\"}"}
2018-01-17 01:24:21 [INFO]-[cn.edu.fjjxu.iot.server.ServerHandler] server get :{"code":2,"data":"[{\"clientdeviceid\":\"01010001\",\"data\":\"{\\\"humi\\\":\\\"16\\\",\\\"temp\\\":\\\"10\\\"}\",\"devicecode\":\"DHT11\"},{\"clientdeviceid\":\"02010001\",\"data\":\"{\\\"color\\\":\\\"g\\\",\\\"power\\\":\\\"on\\\"}\",\"devicecode\":\"RGBLED\"}]"}
2018-01-17 01:24:21 [INFO]-[cn.edu.fjjxu.iot.service.ChannelService] 连接已经建立过了，准备更新设备信息......
2018-01-17 01:24:21 [INFO]-[cn.edu.fjjxu.iot.service.ChannelService] 01010001
2018-01-17 01:24:21 [INFO]-[cn.edu.fjjxu.iot.service.ChannelService] DHT11
2018-01-17 01:24:21 [INFO]-[cn.edu.fjjxu.iot.service.ChannelService] {"humi":"16","temp":"10"}
2018-01-17 01:24:21 [INFO]-[cn.edu.fjjxu.iot.service.ChannelService] 02010001
2018-01-17 01:24:21 [INFO]-[cn.edu.fjjxu.iot.service.ChannelService] RGBLED
2018-01-17 01:24:21 [INFO]-[cn.edu.fjjxu.iot.service.ChannelService] {"color":"g","power":"on"}
2018-01-17 01:24:21 [INFO]-[cn.edu.fjjxu.iot.service.MessageService] [head=118,length=53,content={"code":2,"data":"{\"msg\":\"ok\",\"success\":true}"}]
2018-01-17 01:24:21 [INFO]-[cn.edu.fjjxu.iot.server.ServerHandler] 301bd75d
2018-01-17 01:24:21 [INFO]-[cn.edu.fjjxu.iot.server.ServerHandler] /127.0.0.1:57900
2018-01-17 01:24:21 [INFO]-[cn.edu.fjjxu.iot.server.ServerHandler] server channelReadComplete..
2018-01-17 01:24:22 [INFO]-[io.netty.handler.codec.http.websocketx.WebSocketServerHandshaker] 服务器收到:{"code":3,"data":"{\"clientdeviceid\":\"02010001\",\"devicecode\":\"RGBLED\",\"data\":\"{\\\"power\\\":\\\"on\\\",\\\"color\\\":\\\"r\\\"}\"}"}
2018-01-17 01:24:22 [INFO]-[cn.edu.fjjxu.iot.service.WebMessageService] 收到指令：{"clientdeviceid":"02010001","devicecode":"RGBLED","data":"{\"power\":\"on\",\"color\":\"r\"}"}
2018-01-17 01:24:22 [INFO]-[cn.edu.fjjxu.iot.service.ChannelService] sendClientCmd:[head=118,length=143,content={"code":3,"data":"{\"clientdeviceid\":\"02010001\",\"data\":\"{\\\"power\\\":\\\"on\\\",\\\"color\\\":\\\"r\\\"}\",\"devicecode\":\"RGBLED\"}"}]
2018-01-17 01:24:22 [INFO]-[cn.edu.fjjxu.iot.service.WebMessageService] {"code":3,"data":"{\"msg\":\"ok\",\"success\":true}"}
2018-01-17 01:24:24 [INFO]-[io.netty.handler.codec.http.websocketx.WebSocketServerHandshaker] 服务器收到:{"code":3,"data":"{\"clientdeviceid\":\"02010001\",\"devicecode\":\"RGBLED\",\"data\":\"{\\\"power\\\":\\\"on\\\",\\\"color\\\":\\\"g\\\"}\"}"}
2018-01-17 01:24:24 [INFO]-[cn.edu.fjjxu.iot.service.WebMessageService] 收到指令：{"clientdeviceid":"02010001","devicecode":"RGBLED","data":"{\"power\":\"on\",\"color\":\"g\"}"}
2018-01-17 01:24:24 [INFO]-[cn.edu.fjjxu.iot.service.ChannelService] sendClientCmd:[head=118,length=143,content={"code":3,"data":"{\"clientdeviceid\":\"02010001\",\"data\":\"{\\\"power\\\":\\\"on\\\",\\\"color\\\":\\\"g\\\"}\",\"devicecode\":\"RGBLED\"}"}]
2018-01-17 01:24:24 [INFO]-[cn.edu.fjjxu.iot.service.WebMessageService] {"code":3,"data":"{\"msg\":\"ok\",\"success\":true}"}
2018-01-17 01:24:24 [INFO]-[io.netty.handler.codec.http.websocketx.WebSocketServerHandshaker] 服务器收到:{"code":2,"data":"{\"clientdeviceid\":\"02010001\",\"devicecode\":\"RBGLED\",\"data\":\"\"}"}
2018-01-17 01:24:24 [INFO]-[io.netty.handler.codec.http.websocketx.WebSocketServerHandshaker] 服务器收到:{"code":2,"data":"{\"clientdeviceid\":\"01010001\",\"devicecode\":\"DHT11\",\"data\":\"\"}"}
2018-01-17 01:24:26 [INFO]-[cn.edu.fjjxu.iot.server.ServerHandler] server get :{"code":2,"data":"[{\"clientdeviceid\":\"01010001\",\"data\":\"{\\\"humi\\\":\\\"15\\\",\\\"temp\\\":\\\"10\\\"}\",\"devicecode\":\"DHT11\"},{\"clientdeviceid\":\"02010001\",\"data\":\"{\\\"color\\\":\\\"g\\\",\\\"power\\\":\\\"on\\\"}\",\"devicecode\":\"RGBLED\"}]"}
2018-01-17 01:24:26 [INFO]-[cn.edu.fjjxu.iot.service.ChannelService] 连接已经建立过了，准备更新设备信息......
2018-01-17 01:24:26 [INFO]-[cn.edu.fjjxu.iot.service.ChannelService] 01010001
2018-01-17 01:24:26 [INFO]-[cn.edu.fjjxu.iot.service.ChannelService] DHT11
2018-01-17 01:24:26 [INFO]-[cn.edu.fjjxu.iot.service.ChannelService] {"humi":"15","temp":"10"}
2018-01-17 01:24:26 [INFO]-[cn.edu.fjjxu.iot.service.ChannelService] 02010001
2018-01-17 01:24:26 [INFO]-[cn.edu.fjjxu.iot.service.ChannelService] RGBLED
2018-01-17 01:24:26 [INFO]-[cn.edu.fjjxu.iot.service.ChannelService] {"color":"g","power":"on"}
2018-01-17 01:24:26 [INFO]-[cn.edu.fjjxu.iot.service.MessageService] [head=118,length=53,content={"code":2,"data":"{\"msg\":\"ok\",\"success\":true}"}]
2018-01-17 01:24:26 [INFO]-[cn.edu.fjjxu.iot.server.ServerHandler] 301bd75d
2018-01-17 01:24:26 [INFO]-[cn.edu.fjjxu.iot.server.ServerHandler] /127.0.0.1:57900
2018-01-17 01:24:26 [INFO]-[cn.edu.fjjxu.iot.server.ServerHandler] server channelReadComplete..
2018-01-17 01:24:26 [INFO]-[io.netty.handler.codec.http.websocketx.WebSocketServerHandshaker] 服务器收到:{"code":3,"data":"{\"clientdeviceid\":\"02010001\",\"devicecode\":\"RGBLED\",\"data\":\"{\\\"power\\\":\\\"on\\\",\\\"color\\\":\\\"b\\\"}\"}"}
2018-01-17 01:24:26 [INFO]-[cn.edu.fjjxu.iot.service.WebMessageService] 收到指令：{"clientdeviceid":"02010001","devicecode":"RGBLED","data":"{\"power\":\"on\",\"color\":\"b\"}"}
2018-01-17 01:24:26 [INFO]-[cn.edu.fjjxu.iot.service.ChannelService] sendClientCmd:[head=118,length=143,content={"code":3,"data":"{\"clientdeviceid\":\"02010001\",\"data\":\"{\\\"power\\\":\\\"on\\\",\\\"color\\\":\\\"b\\\"}\",\"devicecode\":\"RGBLED\"}"}]
2018-01-17 01:24:26 [INFO]-[cn.edu.fjjxu.iot.service.WebMessageService] {"code":3,"data":"{\"msg\":\"ok\",\"success\":true}"}
2018-01-17 01:24:28 [INFO]-[io.netty.handler.codec.http.websocketx.WebSocketServerHandshaker] 服务器收到:{"code":3,"data":"{\"clientdeviceid\":\"02010001\",\"devicecode\":\"RGBLED\",\"data\":\"{\\\"power\\\":\\\"on\\\",\\\"color\\\":\\\"b\\\"}\"}"}
2018-01-17 01:24:28 [INFO]-[cn.edu.fjjxu.iot.service.WebMessageService] 收到指令：{"clientdeviceid":"02010001","devicecode":"RGBLED","data":"{\"power\":\"on\",\"color\":\"b\"}"}
2018-01-17 01:24:28 [INFO]-[cn.edu.fjjxu.iot.service.ChannelService] sendClientCmd:[head=118,length=143,content={"code":3,"data":"{\"clientdeviceid\":\"02010001\",\"data\":\"{\\\"power\\\":\\\"on\\\",\\\"color\\\":\\\"b\\\"}\",\"devicecode\":\"RGBLED\"}"}]
2018-01-17 01:24:28 [INFO]-[cn.edu.fjjxu.iot.service.WebMessageService] {"code":3,"data":"{\"msg\":\"ok\",\"success\":true}"}
2018-01-17 01:24:29 [INFO]-[io.netty.handler.codec.http.websocketx.WebSocketServerHandshaker] 服务器收到:{"code":3,"data":"{\"clientdeviceid\":\"02010001\",\"devicecode\":\"RGBLED\",\"data\":\"{\\\"power\\\":\\\"on\\\",\\\"color\\\":\\\"g\\\"}\"}"}
2018-01-17 01:24:29 [INFO]-[cn.edu.fjjxu.iot.service.WebMessageService] 收到指令：{"clientdeviceid":"02010001","devicecode":"RGBLED","data":"{\"power\":\"on\",\"color\":\"g\"}"}
2018-01-17 01:24:29 [INFO]-[cn.edu.fjjxu.iot.service.ChannelService] sendClientCmd:[head=118,length=143,content={"code":3,"data":"{\"clientdeviceid\":\"02010001\",\"data\":\"{\\\"power\\\":\\\"on\\\",\\\"color\\\":\\\"g\\\"}\",\"devicecode\":\"RGBLED\"}"}]
2018-01-17 01:24:29 [INFO]-[cn.edu.fjjxu.iot.service.WebMessageService] {"code":3,"data":"{\"msg\":\"ok\",\"success\":true}"}
2018-01-17 01:24:29 [INFO]-[io.netty.handler.codec.http.websocketx.WebSocketServerHandshaker] 服务器收到:{"code":2,"data":"{\"clientdeviceid\":\"02010001\",\"devicecode\":\"RBGLED\",\"data\":\"\"}"}
2018-01-17 01:24:29 [INFO]-[io.netty.handler.codec.http.websocketx.WebSocketServerHandshaker] 服务器收到:{"code":2,"data":"{\"clientdeviceid\":\"01010001\",\"devicecode\":\"DHT11\",\"data\":\"\"}"}
2018-01-17 01:24:29 [INFO]-[io.netty.handler.codec.http.websocketx.WebSocketServerHandshaker] 服务器收到:{"code":3,"data":"{\"clientdeviceid\":\"02010001\",\"devicecode\":\"RGBLED\",\"data\":\"{\\\"power\\\":\\\"on\\\",\\\"color\\\":\\\"r\\\"}\"}"}
2018-01-17 01:24:29 [INFO]-[cn.edu.fjjxu.iot.service.WebMessageService] 收到指令：{"clientdeviceid":"02010001","devicecode":"RGBLED","data":"{\"power\":\"on\",\"color\":\"r\"}"}
2018-01-17 01:24:29 [INFO]-[cn.edu.fjjxu.iot.service.ChannelService] sendClientCmd:[head=118,length=143,content={"code":3,"data":"{\"clientdeviceid\":\"02010001\",\"data\":\"{\\\"power\\\":\\\"on\\\",\\\"color\\\":\\\"r\\\"}\",\"devicecode\":\"RGBLED\"}"}]
2018-01-17 01:24:29 [INFO]-[cn.edu.fjjxu.iot.service.WebMessageService] {"code":3,"data":"{\"msg\":\"ok\",\"success\":true}"}
2018-01-17 01:24:31 [INFO]-[cn.edu.fjjxu.iot.server.ServerHandler] server get :{"code":2,"data":"[{\"clientdeviceid\":\"01010001\",\"data\":\"{\\\"humi\\\":\\\"12\\\",\\\"temp\\\":\\\"10\\\"}\",\"devicecode\":\"DHT11\"},{\"clientdeviceid\":\"02010001\",\"data\":\"{\\\"color\\\":\\\"r\\\",\\\"power\\\":\\\"on\\\"}\",\"devicecode\":\"RGBLED\"}]"}
2018-01-17 01:24:31 [INFO]-[cn.edu.fjjxu.iot.service.ChannelService] 连接已经建立过了，准备更新设备信息......
2018-01-17 01:24:31 [INFO]-[cn.edu.fjjxu.iot.service.ChannelService] 01010001
2018-01-17 01:24:31 [INFO]-[cn.edu.fjjxu.iot.service.ChannelService] DHT11
2018-01-17 01:24:31 [INFO]-[cn.edu.fjjxu.iot.service.ChannelService] {"humi":"12","temp":"10"}
2018-01-17 01:24:31 [INFO]-[cn.edu.fjjxu.iot.service.ChannelService] 02010001
2018-01-17 01:24:31 [INFO]-[cn.edu.fjjxu.iot.service.ChannelService] RGBLED
2018-01-17 01:24:31 [INFO]-[cn.edu.fjjxu.iot.service.ChannelService] {"color":"r","power":"on"}
2018-01-17 01:24:31 [INFO]-[cn.edu.fjjxu.iot.service.MessageService] [head=118,length=53,content={"code":2,"data":"{\"msg\":\"ok\",\"success\":true}"}]
2018-01-17 01:24:31 [INFO]-[cn.edu.fjjxu.iot.server.ServerHandler] 301bd75d
2018-01-17 01:24:31 [INFO]-[cn.edu.fjjxu.iot.server.ServerHandler] /127.0.0.1:57900
2018-01-17 01:24:31 [INFO]-[cn.edu.fjjxu.iot.server.ServerHandler] server channelReadComplete..
2018-01-17 01:24:32 [INFO]-[io.netty.handler.codec.http.websocketx.WebSocketServerHandshaker] 服务器收到:{"code":3,"data":"{\"clientdeviceid\":\"02010001\",\"devicecode\":\"RGBLED\",\"data\":\"{\\\"power\\\":\\\"on\\\",\\\"color\\\":\\\"r\\\"}\"}"}
2018-01-17 01:24:32 [INFO]-[cn.edu.fjjxu.iot.service.WebMessageService] 收到指令：{"clientdeviceid":"02010001","devicecode":"RGBLED","data":"{\"power\":\"on\",\"color\":\"r\"}"}
2018-01-17 01:24:32 [INFO]-[cn.edu.fjjxu.iot.service.ChannelService] sendClientCmd:[head=118,length=143,content={"code":3,"data":"{\"clientdeviceid\":\"02010001\",\"data\":\"{\\\"power\\\":\\\"on\\\",\\\"color\\\":\\\"r\\\"}\",\"devicecode\":\"RGBLED\"}"}]
2018-01-17 01:24:32 [INFO]-[cn.edu.fjjxu.iot.service.WebMessageService] {"code":3,"data":"{\"msg\":\"ok\",\"success\":true}"}
2018-01-17 01:24:33 [INFO]-[io.netty.handler.codec.http.websocketx.WebSocketServerHandshaker] 服务器收到:{"code":3,"data":"{\"clientdeviceid\":\"02010001\",\"devicecode\":\"RGBLED\",\"data\":\"{\\\"power\\\":\\\"on\\\",\\\"color\\\":\\\"g\\\"}\"}"}
2018-01-17 01:24:33 [INFO]-[cn.edu.fjjxu.iot.service.WebMessageService] 收到指令：{"clientdeviceid":"02010001","devicecode":"RGBLED","data":"{\"power\":\"on\",\"color\":\"g\"}"}
2018-01-17 01:24:33 [INFO]-[cn.edu.fjjxu.iot.service.ChannelService] sendClientCmd:[head=118,length=143,content={"code":3,"data":"{\"clientdeviceid\":\"02010001\",\"data\":\"{\\\"power\\\":\\\"on\\\",\\\"color\\\":\\\"g\\\"}\",\"devicecode\":\"RGBLED\"}"}]
2018-01-17 01:24:33 [INFO]-[cn.edu.fjjxu.iot.service.WebMessageService] {"code":3,"data":"{\"msg\":\"ok\",\"success\":true}"}
2018-01-17 01:24:34 [INFO]-[io.netty.handler.codec.http.websocketx.WebSocketServerHandshaker] 服务器收到:{"code":2,"data":"{\"clientdeviceid\":\"02010001\",\"devicecode\":\"RBGLED\",\"data\":\"\"}"}
2018-01-17 01:24:34 [INFO]-[io.netty.handler.codec.http.websocketx.WebSocketServerHandshaker] 服务器收到:{"code":2,"data":"{\"clientdeviceid\":\"01010001\",\"devicecode\":\"DHT11\",\"data\":\"\"}"}
2018-01-17 01:24:36 [INFO]-[io.netty.handler.codec.http.websocketx.WebSocketServerHandshaker] 服务器收到:{"code":3,"data":"{\"clientdeviceid\":\"02010001\",\"devicecode\":\"RGBLED\",\"data\":\"{\\\"power\\\":\\\"on\\\",\\\"color\\\":\\\"g\\\"}\"}"}
2018-01-17 01:24:36 [INFO]-[cn.edu.fjjxu.iot.service.WebMessageService] 收到指令：{"clientdeviceid":"02010001","devicecode":"RGBLED","data":"{\"power\":\"on\",\"color\":\"g\"}"}
2018-01-17 01:24:36 [INFO]-[cn.edu.fjjxu.iot.service.ChannelService] sendClientCmd:[head=118,length=143,content={"code":3,"data":"{\"clientdeviceid\":\"02010001\",\"data\":\"{\\\"power\\\":\\\"on\\\",\\\"color\\\":\\\"g\\\"}\",\"devicecode\":\"RGBLED\"}"}]
2018-01-17 01:24:36 [INFO]-[cn.edu.fjjxu.iot.service.WebMessageService] {"code":3,"data":"{\"msg\":\"ok\",\"success\":true}"}
2018-01-17 01:24:36 [INFO]-[cn.edu.fjjxu.iot.server.ServerHandler] server get :{"code":2,"data":"[{\"clientdeviceid\":\"01010001\",\"data\":\"{\\\"humi\\\":\\\"18\\\",\\\"temp\\\":\\\"18\\\"}\",\"devicecode\":\"DHT11\"},{\"clientdeviceid\":\"02010001\",\"data\":\"{\\\"color\\\":\\\"g\\\",\\\"power\\\":\\\"on\\\"}\",\"devicecode\":\"RGBLED\"}]"}
2018-01-17 01:24:36 [INFO]-[cn.edu.fjjxu.iot.service.ChannelService] 连接已经建立过了，准备更新设备信息......
2018-01-17 01:24:36 [INFO]-[cn.edu.fjjxu.iot.service.ChannelService] 01010001
2018-01-17 01:24:36 [INFO]-[cn.edu.fjjxu.iot.service.ChannelService] DHT11
2018-01-17 01:24:36 [INFO]-[cn.edu.fjjxu.iot.service.ChannelService] {"humi":"18","temp":"18"}
2018-01-17 01:24:36 [INFO]-[cn.edu.fjjxu.iot.service.ChannelService] 02010001
2018-01-17 01:24:36 [INFO]-[cn.edu.fjjxu.iot.service.ChannelService] RGBLED
2018-01-17 01:24:36 [INFO]-[cn.edu.fjjxu.iot.service.ChannelService] {"color":"g","power":"on"}
2018-01-17 01:24:36 [INFO]-[cn.edu.fjjxu.iot.service.MessageService] [head=118,length=53,content={"code":2,"data":"{\"msg\":\"ok\",\"success\":true}"}]
2018-01-17 01:24:36 [INFO]-[cn.edu.fjjxu.iot.server.ServerHandler] 301bd75d
2018-01-17 01:24:36 [INFO]-[cn.edu.fjjxu.iot.server.ServerHandler] /127.0.0.1:57900
2018-01-17 01:24:36 [INFO]-[cn.edu.fjjxu.iot.server.ServerHandler] server channelReadComplete..
2018-01-17 01:24:37 [INFO]-[io.netty.handler.codec.http.websocketx.WebSocketServerHandshaker] 服务器收到:{"code":3,"data":"{\"clientdeviceid\":\"02010001\",\"devicecode\":\"RGBLED\",\"data\":\"{\\\"power\\\":\\\"on\\\",\\\"color\\\":\\\"g\\\"}\"}"}
2018-01-17 01:24:37 [INFO]-[cn.edu.fjjxu.iot.service.WebMessageService] 收到指令：{"clientdeviceid":"02010001","devicecode":"RGBLED","data":"{\"power\":\"on\",\"color\":\"g\"}"}
2018-01-17 01:24:37 [INFO]-[cn.edu.fjjxu.iot.service.ChannelService] sendClientCmd:[head=118,length=143,content={"code":3,"data":"{\"clientdeviceid\":\"02010001\",\"data\":\"{\\\"power\\\":\\\"on\\\",\\\"color\\\":\\\"g\\\"}\",\"devicecode\":\"RGBLED\"}"}]
2018-01-17 01:24:37 [INFO]-[cn.edu.fjjxu.iot.service.WebMessageService] {"code":3,"data":"{\"msg\":\"ok\",\"success\":true}"}
2018-01-17 01:24:39 [INFO]-[io.netty.handler.codec.http.websocketx.WebSocketServerHandshaker] 服务器收到:{"code":2,"data":"{\"clientdeviceid\":\"02010001\",\"devicecode\":\"RBGLED\",\"data\":\"\"}"}
2018-01-17 01:24:39 [INFO]-[io.netty.handler.codec.http.websocketx.WebSocketServerHandshaker] 服务器收到:{"code":2,"data":"{\"clientdeviceid\":\"01010001\",\"devicecode\":\"DHT11\",\"data\":\"\"}"}
2018-01-17 01:24:41 [INFO]-[cn.edu.fjjxu.iot.server.ServerHandler] server get :{"code":2,"data":"[{\"clientdeviceid\":\"01010001\",\"data\":\"{\\\"humi\\\":\\\"15\\\",\\\"temp\\\":\\\"12\\\"}\",\"devicecode\":\"DHT11\"},{\"clientdeviceid\":\"02010001\",\"data\":\"{\\\"color\\\":\\\"g\\\",\\\"power\\\":\\\"on\\\"}\",\"devicecode\":\"RGBLED\"}]"}
2018-01-17 01:24:41 [INFO]-[cn.edu.fjjxu.iot.service.ChannelService] 连接已经建立过了，准备更新设备信息......
2018-01-17 01:24:41 [INFO]-[cn.edu.fjjxu.iot.service.ChannelService] 01010001
2018-01-17 01:24:41 [INFO]-[cn.edu.fjjxu.iot.service.ChannelService] DHT11
2018-01-17 01:24:41 [INFO]-[cn.edu.fjjxu.iot.service.ChannelService] {"humi":"15","temp":"12"}
2018-01-17 01:24:41 [INFO]-[cn.edu.fjjxu.iot.service.ChannelService] 02010001
2018-01-17 01:24:41 [INFO]-[cn.edu.fjjxu.iot.service.ChannelService] RGBLED
2018-01-17 01:24:41 [INFO]-[cn.edu.fjjxu.iot.service.ChannelService] {"color":"g","power":"on"}
2018-01-17 01:24:41 [INFO]-[cn.edu.fjjxu.iot.service.MessageService] [head=118,length=53,content={"code":2,"data":"{\"msg\":\"ok\",\"success\":true}"}]
2018-01-17 01:24:41 [INFO]-[cn.edu.fjjxu.iot.server.ServerHandler] 301bd75d
2018-01-17 01:24:41 [INFO]-[cn.edu.fjjxu.iot.server.ServerHandler] /127.0.0.1:57900
2018-01-17 01:24:41 [INFO]-[cn.edu.fjjxu.iot.server.ServerHandler] server channelReadComplete..
2018-01-17 01:24:44 [INFO]-[io.netty.handler.codec.http.websocketx.WebSocketServerHandshaker] 服务器收到:{"code":2,"data":"{\"clientdeviceid\":\"02010001\",\"devicecode\":\"RBGLED\",\"data\":\"\"}"}
2018-01-17 01:24:44 [INFO]-[io.netty.handler.codec.http.websocketx.WebSocketServerHandshaker] 服务器收到:{"code":2,"data":"{\"clientdeviceid\":\"01010001\",\"devicecode\":\"DHT11\",\"data\":\"\"}"}
2018-01-17 01:24:46 [INFO]-[cn.edu.fjjxu.iot.server.ServerHandler] server get :{"code":2,"data":"[{\"clientdeviceid\":\"01010001\",\"data\":\"{\\\"humi\\\":\\\"12\\\",\\\"temp\\\":\\\"18\\\"}\",\"devicecode\":\"DHT11\"},{\"clientdeviceid\":\"02010001\",\"data\":\"{\\\"color\\\":\\\"g\\\",\\\"power\\\":\\\"on\\\"}\",\"devicecode\":\"RGBLED\"}]"}
2018-01-17 01:24:46 [INFO]-[cn.edu.fjjxu.iot.service.ChannelService] 连接已经建立过了，准备更新设备信息......
2018-01-17 01:24:46 [INFO]-[cn.edu.fjjxu.iot.service.ChannelService] 01010001
2018-01-17 01:24:46 [INFO]-[cn.edu.fjjxu.iot.service.ChannelService] DHT11
2018-01-17 01:24:46 [INFO]-[cn.edu.fjjxu.iot.service.ChannelService] {"humi":"12","temp":"18"}
2018-01-17 01:24:46 [INFO]-[cn.edu.fjjxu.iot.service.ChannelService] 02010001
2018-01-17 01:24:46 [INFO]-[cn.edu.fjjxu.iot.service.ChannelService] RGBLED
2018-01-17 01:24:46 [INFO]-[cn.edu.fjjxu.iot.service.ChannelService] {"color":"g","power":"on"}
2018-01-17 01:24:46 [INFO]-[cn.edu.fjjxu.iot.service.MessageService] [head=118,length=53,content={"code":2,"data":"{\"msg\":\"ok\",\"success\":true}"}]
2018-01-17 01:24:46 [INFO]-[cn.edu.fjjxu.iot.server.ServerHandler] 301bd75d
2018-01-17 01:24:46 [INFO]-[cn.edu.fjjxu.iot.server.ServerHandler] /127.0.0.1:57900
2018-01-17 01:24:46 [INFO]-[cn.edu.fjjxu.iot.server.ServerHandler] server channelReadComplete..
2018-01-17 01:24:49 [INFO]-[io.netty.handler.codec.http.websocketx.WebSocketServerHandshaker] 服务器收到:{"code":2,"data":"{\"clientdeviceid\":\"02010001\",\"devicecode\":\"RBGLED\",\"data\":\"\"}"}
2018-01-17 01:24:49 [INFO]-[io.netty.handler.codec.http.websocketx.WebSocketServerHandshaker] 服务器收到:{"code":2,"data":"{\"clientdeviceid\":\"01010001\",\"devicecode\":\"DHT11\",\"data\":\"\"}"}
2018-01-17 01:24:51 [INFO]-[cn.edu.fjjxu.iot.server.ServerHandler] server get :{"code":2,"data":"[{\"clientdeviceid\":\"01010001\",\"data\":\"{\\\"humi\\\":\\\"16\\\",\\\"temp\\\":\\\"18\\\"}\",\"devicecode\":\"DHT11\"},{\"clientdeviceid\":\"02010001\",\"data\":\"{\\\"color\\\":\\\"g\\\",\\\"power\\\":\\\"on\\\"}\",\"devicecode\":\"RGBLED\"}]"}
2018-01-17 01:24:51 [INFO]-[cn.edu.fjjxu.iot.service.ChannelService] 连接已经建立过了，准备更新设备信息......
2018-01-17 01:24:51 [INFO]-[cn.edu.fjjxu.iot.service.ChannelService] 01010001
2018-01-17 01:24:51 [INFO]-[cn.edu.fjjxu.iot.service.ChannelService] DHT11
2018-01-17 01:24:51 [INFO]-[cn.edu.fjjxu.iot.service.ChannelService] {"humi":"16","temp":"18"}
2018-01-17 01:24:51 [INFO]-[cn.edu.fjjxu.iot.service.ChannelService] 02010001
2018-01-17 01:24:51 [INFO]-[cn.edu.fjjxu.iot.service.ChannelService] RGBLED
2018-01-17 01:24:51 [INFO]-[cn.edu.fjjxu.iot.service.ChannelService] {"color":"g","power":"on"}
2018-01-17 01:24:51 [INFO]-[cn.edu.fjjxu.iot.service.MessageService] [head=118,length=53,content={"code":2,"data":"{\"msg\":\"ok\",\"success\":true}"}]
2018-01-17 01:24:51 [INFO]-[cn.edu.fjjxu.iot.server.ServerHandler] 301bd75d
2018-01-17 01:24:51 [INFO]-[cn.edu.fjjxu.iot.server.ServerHandler] /127.0.0.1:57900
2018-01-17 01:24:51 [INFO]-[cn.edu.fjjxu.iot.server.ServerHandler] server channelReadComplete..
2018-01-17 01:24:54 [INFO]-[io.netty.handler.codec.http.websocketx.WebSocketServerHandshaker] 服务器收到:{"code":2,"data":"{\"clientdeviceid\":\"02010001\",\"devicecode\":\"RBGLED\",\"data\":\"\"}"}
2018-01-17 01:24:54 [INFO]-[io.netty.handler.codec.http.websocketx.WebSocketServerHandshaker] 服务器收到:{"code":2,"data":"{\"clientdeviceid\":\"01010001\",\"devicecode\":\"DHT11\",\"data\":\"\"}"}
2018-01-17 01:24:56 [INFO]-[cn.edu.fjjxu.iot.server.ServerHandler] server get :{"code":2,"data":"[{\"clientdeviceid\":\"01010001\",\"data\":\"{\\\"humi\\\":\\\"14\\\",\\\"temp\\\":\\\"20\\\"}\",\"devicecode\":\"DHT11\"},{\"clientdeviceid\":\"02010001\",\"data\":\"{\\\"color\\\":\\\"g\\\",\\\"power\\\":\\\"on\\\"}\",\"devicecode\":\"RGBLED\"}]"}
2018-01-17 01:24:56 [INFO]-[cn.edu.fjjxu.iot.service.ChannelService] 连接已经建立过了，准备更新设备信息......
2018-01-17 01:24:56 [INFO]-[cn.edu.fjjxu.iot.service.ChannelService] 01010001
2018-01-17 01:24:56 [INFO]-[cn.edu.fjjxu.iot.service.ChannelService] DHT11
2018-01-17 01:24:56 [INFO]-[cn.edu.fjjxu.iot.service.ChannelService] {"humi":"14","temp":"20"}
2018-01-17 01:24:56 [INFO]-[cn.edu.fjjxu.iot.service.ChannelService] 02010001
2018-01-17 01:24:56 [INFO]-[cn.edu.fjjxu.iot.service.ChannelService] RGBLED
2018-01-17 01:24:56 [INFO]-[cn.edu.fjjxu.iot.service.ChannelService] {"color":"g","power":"on"}
2018-01-17 01:24:56 [INFO]-[cn.edu.fjjxu.iot.service.MessageService] [head=118,length=53,content={"code":2,"data":"{\"msg\":\"ok\",\"success\":true}"}]
2018-01-17 01:24:56 [INFO]-[cn.edu.fjjxu.iot.server.ServerHandler] 301bd75d
2018-01-17 01:24:56 [INFO]-[cn.edu.fjjxu.iot.server.ServerHandler] /127.0.0.1:57900
2018-01-17 01:24:56 [INFO]-[cn.edu.fjjxu.iot.server.ServerHandler] server channelReadComplete..
2018-01-17 01:24:59 [INFO]-[io.netty.handler.codec.http.websocketx.WebSocketServerHandshaker] 服务器收到:{"code":2,"data":"{\"clientdeviceid\":\"02010001\",\"devicecode\":\"RBGLED\",\"data\":\"\"}"}
2018-01-17 01:24:59 [INFO]-[io.netty.handler.codec.http.websocketx.WebSocketServerHandshaker] 服务器收到:{"code":2,"data":"{\"clientdeviceid\":\"01010001\",\"devicecode\":\"DHT11\",\"data\":\"\"}"}
2018-01-17 01:25:01 [INFO]-[cn.edu.fjjxu.iot.server.ServerHandler] server get :{"code":2,"data":"[{\"clientdeviceid\":\"01010001\",\"data\":\"{\\\"humi\\\":\\\"18\\\",\\\"temp\\\":\\\"18\\\"}\",\"devicecode\":\"DHT11\"},{\"clientdeviceid\":\"02010001\",\"data\":\"{\\\"color\\\":\\\"g\\\",\\\"power\\\":\\\"on\\\"}\",\"devicecode\":\"RGBLED\"}]"}
2018-01-17 01:25:01 [INFO]-[cn.edu.fjjxu.iot.service.ChannelService] 连接已经建立过了，准备更新设备信息......
2018-01-17 01:25:01 [INFO]-[cn.edu.fjjxu.iot.service.ChannelService] 01010001
2018-01-17 01:25:01 [INFO]-[cn.edu.fjjxu.iot.service.ChannelService] DHT11
2018-01-17 01:25:01 [INFO]-[cn.edu.fjjxu.iot.service.ChannelService] {"humi":"18","temp":"18"}
2018-01-17 01:25:01 [INFO]-[cn.edu.fjjxu.iot.service.ChannelService] 02010001
2018-01-17 01:25:01 [INFO]-[cn.edu.fjjxu.iot.service.ChannelService] RGBLED
2018-01-17 01:25:01 [INFO]-[cn.edu.fjjxu.iot.service.ChannelService] {"color":"g","power":"on"}
2018-01-17 01:25:01 [INFO]-[cn.edu.fjjxu.iot.service.MessageService] [head=118,length=53,content={"code":2,"data":"{\"msg\":\"ok\",\"success\":true}"}]
2018-01-17 01:25:01 [INFO]-[cn.edu.fjjxu.iot.server.ServerHandler] 301bd75d
2018-01-17 01:25:01 [INFO]-[cn.edu.fjjxu.iot.server.ServerHandler] /127.0.0.1:57900
2018-01-17 01:25:01 [INFO]-[cn.edu.fjjxu.iot.server.ServerHandler] server channelReadComplete..
2018-01-17 01:25:04 [INFO]-[io.netty.handler.codec.http.websocketx.WebSocketServerHandshaker] 服务器收到:{"code":2,"data":"{\"clientdeviceid\":\"02010001\",\"devicecode\":\"RBGLED\",\"data\":\"\"}"}
2018-01-17 01:25:04 [INFO]-[io.netty.handler.codec.http.websocketx.WebSocketServerHandshaker] 服务器收到:{"code":2,"data":"{\"clientdeviceid\":\"01010001\",\"devicecode\":\"DHT11\",\"data\":\"\"}"}
2018-01-17 01:25:06 [INFO]-[cn.edu.fjjxu.iot.server.ServerHandler] server get :{"code":2,"data":"[{\"clientdeviceid\":\"01010001\",\"data\":\"{\\\"humi\\\":\\\"10\\\",\\\"temp\\\":\\\"19\\\"}\",\"devicecode\":\"DHT11\"},{\"clientdeviceid\":\"02010001\",\"data\":\"{\\\"color\\\":\\\"g\\\",\\\"power\\\":\\\"on\\\"}\",\"devicecode\":\"RGBLED\"}]"}
2018-01-17 01:25:06 [INFO]-[cn.edu.fjjxu.iot.service.ChannelService] 连接已经建立过了，准备更新设备信息......
2018-01-17 01:25:06 [INFO]-[cn.edu.fjjxu.iot.service.ChannelService] 01010001
2018-01-17 01:25:06 [INFO]-[cn.edu.fjjxu.iot.service.ChannelService] DHT11
2018-01-17 01:25:06 [INFO]-[cn.edu.fjjxu.iot.service.ChannelService] {"humi":"10","temp":"19"}
2018-01-17 01:25:06 [INFO]-[cn.edu.fjjxu.iot.service.ChannelService] 02010001
2018-01-17 01:25:06 [INFO]-[cn.edu.fjjxu.iot.service.ChannelService] RGBLED
2018-01-17 01:25:06 [INFO]-[cn.edu.fjjxu.iot.service.ChannelService] {"color":"g","power":"on"}
2018-01-17 01:25:06 [INFO]-[cn.edu.fjjxu.iot.service.MessageService] [head=118,length=53,content={"code":2,"data":"{\"msg\":\"ok\",\"success\":true}"}]
2018-01-17 01:25:06 [INFO]-[cn.edu.fjjxu.iot.server.ServerHandler] 301bd75d
2018-01-17 01:25:06 [INFO]-[cn.edu.fjjxu.iot.server.ServerHandler] /127.0.0.1:57900
2018-01-17 01:25:06 [INFO]-[cn.edu.fjjxu.iot.server.ServerHandler] server channelReadComplete..
2018-01-17 01:25:09 [INFO]-[io.netty.handler.codec.http.websocketx.WebSocketServerHandshaker] 服务器收到:{"code":2,"data":"{\"clientdeviceid\":\"02010001\",\"devicecode\":\"RBGLED\",\"data\":\"\"}"}
2018-01-17 01:25:09 [INFO]-[io.netty.handler.codec.http.websocketx.WebSocketServerHandshaker] 服务器收到:{"code":2,"data":"{\"clientdeviceid\":\"01010001\",\"devicecode\":\"DHT11\",\"data\":\"\"}"}
2018-01-17 01:25:11 [INFO]-[cn.edu.fjjxu.iot.server.ServerHandler] server get :{"code":2,"data":"[{\"clientdeviceid\":\"01010001\",\"data\":\"{\\\"humi\\\":\\\"16\\\",\\\"temp\\\":\\\"18\\\"}\",\"devicecode\":\"DHT11\"},{\"clientdeviceid\":\"02010001\",\"data\":\"{\\\"color\\\":\\\"g\\\",\\\"power\\\":\\\"on\\\"}\",\"devicecode\":\"RGBLED\"}]"}
2018-01-17 01:25:11 [INFO]-[cn.edu.fjjxu.iot.service.ChannelService] 连接已经建立过了，准备更新设备信息......
2018-01-17 01:25:11 [INFO]-[cn.edu.fjjxu.iot.service.ChannelService] 01010001
2018-01-17 01:25:11 [INFO]-[cn.edu.fjjxu.iot.service.ChannelService] DHT11
2018-01-17 01:25:11 [INFO]-[cn.edu.fjjxu.iot.service.ChannelService] {"humi":"16","temp":"18"}
2018-01-17 01:25:11 [INFO]-[cn.edu.fjjxu.iot.service.ChannelService] 02010001
2018-01-17 01:25:11 [INFO]-[cn.edu.fjjxu.iot.service.ChannelService] RGBLED
2018-01-17 01:25:11 [INFO]-[cn.edu.fjjxu.iot.service.ChannelService] {"color":"g","power":"on"}
2018-01-17 01:25:11 [INFO]-[cn.edu.fjjxu.iot.service.MessageService] [head=118,length=53,content={"code":2,"data":"{\"msg\":\"ok\",\"success\":true}"}]
2018-01-17 01:25:11 [INFO]-[cn.edu.fjjxu.iot.server.ServerHandler] 301bd75d
2018-01-17 01:25:11 [INFO]-[cn.edu.fjjxu.iot.server.ServerHandler] /127.0.0.1:57900
2018-01-17 01:25:11 [INFO]-[cn.edu.fjjxu.iot.server.ServerHandler] server channelReadComplete..
2018-01-17 01:25:14 [INFO]-[io.netty.handler.codec.http.websocketx.WebSocketServerHandshaker] 服务器收到:{"code":2,"data":"{\"clientdeviceid\":\"02010001\",\"devicecode\":\"RBGLED\",\"data\":\"\"}"}
2018-01-17 01:25:14 [INFO]-[io.netty.handler.codec.http.websocketx.WebSocketServerHandshaker] 服务器收到:{"code":2,"data":"{\"clientdeviceid\":\"01010001\",\"devicecode\":\"DHT11\",\"data\":\"\"}"}
2018-01-17 01:25:16 [INFO]-[cn.edu.fjjxu.iot.server.ServerHandler] server get :{"code":2,"data":"[{\"clientdeviceid\":\"01010001\",\"data\":\"{\\\"humi\\\":\\\"14\\\",\\\"temp\\\":\\\"14\\\"}\",\"devicecode\":\"DHT11\"},{\"clientdeviceid\":\"02010001\",\"data\":\"{\\\"color\\\":\\\"g\\\",\\\"power\\\":\\\"on\\\"}\",\"devicecode\":\"RGBLED\"}]"}
2018-01-17 01:25:16 [INFO]-[cn.edu.fjjxu.iot.service.ChannelService] 连接已经建立过了，准备更新设备信息......
2018-01-17 01:25:16 [INFO]-[cn.edu.fjjxu.iot.service.ChannelService] 01010001
2018-01-17 01:25:16 [INFO]-[cn.edu.fjjxu.iot.service.ChannelService] DHT11
2018-01-17 01:25:16 [INFO]-[cn.edu.fjjxu.iot.service.ChannelService] {"humi":"14","temp":"14"}
2018-01-17 01:25:16 [INFO]-[cn.edu.fjjxu.iot.service.ChannelService] 02010001
2018-01-17 01:25:16 [INFO]-[cn.edu.fjjxu.iot.service.ChannelService] RGBLED
2018-01-17 01:25:16 [INFO]-[cn.edu.fjjxu.iot.service.ChannelService] {"color":"g","power":"on"}
2018-01-17 01:25:16 [INFO]-[cn.edu.fjjxu.iot.service.MessageService] [head=118,length=53,content={"code":2,"data":"{\"msg\":\"ok\",\"success\":true}"}]
2018-01-17 01:25:16 [INFO]-[cn.edu.fjjxu.iot.server.ServerHandler] 301bd75d
2018-01-17 01:25:16 [INFO]-[cn.edu.fjjxu.iot.server.ServerHandler] /127.0.0.1:57900
2018-01-17 01:25:16 [INFO]-[cn.edu.fjjxu.iot.server.ServerHandler] server channelReadComplete..
2018-01-17 01:25:19 [INFO]-[io.netty.handler.codec.http.websocketx.WebSocketServerHandshaker] 服务器收到:{"code":2,"data":"{\"clientdeviceid\":\"02010001\",\"devicecode\":\"RBGLED\",\"data\":\"\"}"}
2018-01-17 01:25:19 [INFO]-[io.netty.handler.codec.http.websocketx.WebSocketServerHandshaker] 服务器收到:{"code":2,"data":"{\"clientdeviceid\":\"01010001\",\"devicecode\":\"DHT11\",\"data\":\"\"}"}
2018-01-17 01:25:21 [INFO]-[cn.edu.fjjxu.iot.server.ServerHandler] server get :{"code":2,"data":"[{\"clientdeviceid\":\"01010001\",\"data\":\"{\\\"humi\\\":\\\"12\\\",\\\"temp\\\":\\\"17\\\"}\",\"devicecode\":\"DHT11\"},{\"clientdeviceid\":\"02010001\",\"data\":\"{\\\"color\\\":\\\"g\\\",\\\"power\\\":\\\"on\\\"}\",\"devicecode\":\"RGBLED\"}]"}
2018-01-17 01:25:21 [INFO]-[cn.edu.fjjxu.iot.service.ChannelService] 连接已经建立过了，准备更新设备信息......
2018-01-17 01:25:21 [INFO]-[cn.edu.fjjxu.iot.service.ChannelService] 01010001
2018-01-17 01:25:21 [INFO]-[cn.edu.fjjxu.iot.service.ChannelService] DHT11
2018-01-17 01:25:21 [INFO]-[cn.edu.fjjxu.iot.service.ChannelService] {"humi":"12","temp":"17"}
2018-01-17 01:25:21 [INFO]-[cn.edu.fjjxu.iot.service.ChannelService] 02010001
2018-01-17 01:25:21 [INFO]-[cn.edu.fjjxu.iot.service.ChannelService] RGBLED
2018-01-17 01:25:21 [INFO]-[cn.edu.fjjxu.iot.service.ChannelService] {"color":"g","power":"on"}
2018-01-17 01:25:21 [INFO]-[cn.edu.fjjxu.iot.service.MessageService] [head=118,length=53,content={"code":2,"data":"{\"msg\":\"ok\",\"success\":true}"}]
2018-01-17 01:25:21 [INFO]-[cn.edu.fjjxu.iot.server.ServerHandler] 301bd75d
2018-01-17 01:25:21 [INFO]-[cn.edu.fjjxu.iot.server.ServerHandler] /127.0.0.1:57900
2018-01-17 01:25:21 [INFO]-[cn.edu.fjjxu.iot.server.ServerHandler] server channelReadComplete..
2018-01-17 01:25:24 [INFO]-[io.netty.handler.codec.http.websocketx.WebSocketServerHandshaker] 服务器收到:{"code":2,"data":"{\"clientdeviceid\":\"02010001\",\"devicecode\":\"RBGLED\",\"data\":\"\"}"}
2018-01-17 01:25:24 [INFO]-[io.netty.handler.codec.http.websocketx.WebSocketServerHandshaker] 服务器收到:{"code":2,"data":"{\"clientdeviceid\":\"01010001\",\"devicecode\":\"DHT11\",\"data\":\"\"}"}
2018-01-17 01:25:26 [INFO]-[cn.edu.fjjxu.iot.server.ServerHandler] server get :{"code":2,"data":"[{\"clientdeviceid\":\"01010001\",\"data\":\"{\\\"humi\\\":\\\"14\\\",\\\"temp\\\":\\\"15\\\"}\",\"devicecode\":\"DHT11\"},{\"clientdeviceid\":\"02010001\",\"data\":\"{\\\"color\\\":\\\"g\\\",\\\"power\\\":\\\"on\\\"}\",\"devicecode\":\"RGBLED\"}]"}
2018-01-17 01:25:26 [INFO]-[cn.edu.fjjxu.iot.service.ChannelService] 连接已经建立过了，准备更新设备信息......
2018-01-17 01:25:26 [INFO]-[cn.edu.fjjxu.iot.service.ChannelService] 01010001
2018-01-17 01:25:26 [INFO]-[cn.edu.fjjxu.iot.service.ChannelService] DHT11
2018-01-17 01:25:26 [INFO]-[cn.edu.fjjxu.iot.service.ChannelService] {"humi":"14","temp":"15"}
2018-01-17 01:25:26 [INFO]-[cn.edu.fjjxu.iot.service.ChannelService] 02010001
2018-01-17 01:25:26 [INFO]-[cn.edu.fjjxu.iot.service.ChannelService] RGBLED
2018-01-17 01:25:26 [INFO]-[cn.edu.fjjxu.iot.service.ChannelService] {"color":"g","power":"on"}
2018-01-17 01:25:26 [INFO]-[cn.edu.fjjxu.iot.service.MessageService] [head=118,length=53,content={"code":2,"data":"{\"msg\":\"ok\",\"success\":true}"}]
2018-01-17 01:25:26 [INFO]-[cn.edu.fjjxu.iot.server.ServerHandler] 301bd75d
2018-01-17 01:25:26 [INFO]-[cn.edu.fjjxu.iot.server.ServerHandler] /127.0.0.1:57900
2018-01-17 01:25:26 [INFO]-[cn.edu.fjjxu.iot.server.ServerHandler] server channelReadComplete..
2018-01-17 01:25:29 [INFO]-[io.netty.handler.codec.http.websocketx.WebSocketServerHandshaker] 服务器收到:{"code":2,"data":"{\"clientdeviceid\":\"02010001\",\"devicecode\":\"RBGLED\",\"data\":\"\"}"}
2018-01-17 01:25:29 [INFO]-[io.netty.handler.codec.http.websocketx.WebSocketServerHandshaker] 服务器收到:{"code":2,"data":"{\"clientdeviceid\":\"01010001\",\"devicecode\":\"DHT11\",\"data\":\"\"}"}
