2018-01-17 01:23:51 [INFO]-[cn.edu.fjjxu.iot.simulator.IotClientHandler] client channelActive..
2018-01-17 01:23:51 [INFO]-[cn.edu.fjjxu.iot.simulator.IotClient] 客户端已经连接..
2018-01-17 01:23:52 [INFO]-[cn.edu.fjjxu.iot.simulator.IotClientHandler] 回传数据：[head=118,length=38,content={"code":1,"data":"{\"gateid\":\"1\"}"}]
2018-01-17 01:23:52 [INFO]-[cn.edu.fjjxu.iot.simulator.IotClientHandler] 收到数据:{"code":1,"data":"{\"msg\":\"ok\",\"success\":true}"}
2018-01-17 01:23:56 [INFO]-[cn.edu.fjjxu.iot.simulator.IotClientHandler] 回传数据：[head=118,length=267,content={"code":2,"data":"[{\"clientdeviceid\":\"01010001\",\"data\":\"{\\\"humi\\\":\\\"10\\\",\\\"temp\\\":\\\"14\\\"}\",\"devicecode\":\"DHT11\"},{\"clientdeviceid\":\"02010001\",\"data\":\"{\\\"color\\\":\\\"g\\\",\\\"power\\\":\\\"on\\\"}\",\"devicecode\":\"RGBLED\"}]"}]
2018-01-17 01:23:56 [INFO]-[cn.edu.fjjxu.iot.simulator.IotClientHandler] 收到数据:{"code":2,"data":"{\"msg\":\"ok\",\"success\":true}"}
2018-01-17 01:24:01 [INFO]-[cn.edu.fjjxu.iot.simulator.IotClientHandler] 回传数据：[head=118,length=267,content={"code":2,"data":"[{\"clientdeviceid\":\"01010001\",\"data\":\"{\\\"humi\\\":\\\"15\\\",\\\"temp\\\":\\\"12\\\"}\",\"devicecode\":\"DHT11\"},{\"clientdeviceid\":\"02010001\",\"data\":\"{\\\"color\\\":\\\"g\\\",\\\"power\\\":\\\"on\\\"}\",\"devicecode\":\"RGBLED\"}]"}]
2018-01-17 01:24:01 [INFO]-[cn.edu.fjjxu.iot.simulator.IotClientHandler] 收到数据:{"code":2,"data":"{\"msg\":\"ok\",\"success\":true}"}
2018-01-17 01:24:06 [INFO]-[cn.edu.fjjxu.iot.simulator.IotClientHandler] 回传数据：[head=118,length=267,content={"code":2,"data":"[{\"clientdeviceid\":\"01010001\",\"data\":\"{\\\"humi\\\":\\\"10\\\",\\\"temp\\\":\\\"13\\\"}\",\"devicecode\":\"DHT11\"},{\"clientdeviceid\":\"02010001\",\"data\":\"{\\\"color\\\":\\\"g\\\",\\\"power\\\":\\\"on\\\"}\",\"devicecode\":\"RGBLED\"}]"}]
2018-01-17 01:24:06 [INFO]-[cn.edu.fjjxu.iot.simulator.IotClientHandler] 收到数据:{"code":2,"data":"{\"msg\":\"ok\",\"success\":true}"}
2018-01-17 01:24:11 [INFO]-[cn.edu.fjjxu.iot.simulator.IotClientHandler] 回传数据：[head=118,length=267,content={"code":2,"data":"[{\"clientdeviceid\":\"01010001\",\"data\":\"{\\\"humi\\\":\\\"15\\\",\\\"temp\\\":\\\"13\\\"}\",\"devicecode\":\"DHT11\"},{\"clientdeviceid\":\"02010001\",\"data\":\"{\\\"color\\\":\\\"g\\\",\\\"power\\\":\\\"on\\\"}\",\"devicecode\":\"RGBLED\"}]"}]
2018-01-17 01:24:11 [INFO]-[cn.edu.fjjxu.iot.simulator.IotClientHandler] 收到数据:{"code":2,"data":"{\"msg\":\"ok\",\"success\":true}"}
2018-01-17 01:24:16 [INFO]-[cn.edu.fjjxu.iot.simulator.IotClientHandler] 回传数据：[head=118,length=267,content={"code":2,"data":"[{\"clientdeviceid\":\"01010001\",\"data\":\"{\\\"humi\\\":\\\"15\\\",\\\"temp\\\":\\\"18\\\"}\",\"devicecode\":\"DHT11\"},{\"clientdeviceid\":\"02010001\",\"data\":\"{\\\"color\\\":\\\"g\\\",\\\"power\\\":\\\"on\\\"}\",\"devicecode\":\"RGBLED\"}]"}]
2018-01-17 01:24:16 [INFO]-[cn.edu.fjjxu.iot.simulator.IotClientHandler] 收到数据:{"code":2,"data":"{\"msg\":\"ok\",\"success\":true}"}
2018-01-17 01:24:21 [INFO]-[cn.edu.fjjxu.iot.simulator.IotClientHandler] 回传数据：[head=118,length=267,content={"code":2,"data":"[{\"clientdeviceid\":\"01010001\",\"data\":\"{\\\"humi\\\":\\\"16\\\",\\\"temp\\\":\\\"10\\\"}\",\"devicecode\":\"DHT11\"},{\"clientdeviceid\":\"02010001\",\"data\":\"{\\\"color\\\":\\\"g\\\",\\\"power\\\":\\\"on\\\"}\",\"devicecode\":\"RGBLED\"}]"}]
2018-01-17 01:24:21 [INFO]-[cn.edu.fjjxu.iot.simulator.IotClientHandler] 收到数据:{"code":2,"data":"{\"msg\":\"ok\",\"success\":true}"}
2018-01-17 01:24:22 [INFO]-[cn.edu.fjjxu.iot.simulator.IotClientHandler] 收到数据:{"code":3,"data":"{\"clientdeviceid\":\"02010001\",\"data\":\"{\\\"power\\\":\\\"on\\\",\\\"color\\\":\\\"r\\\"}\",\"devicecode\":\"RGBLED\"}"}
2018-01-17 01:24:22 [INFO]-[cn.edu.fjjxu.iot.simulator.IotClientHandler] 控制RGBLED的状态为:{"power":"on","color":"r"}
2018-01-17 01:24:24 [INFO]-[cn.edu.fjjxu.iot.simulator.IotClientHandler] 收到数据:{"code":3,"data":"{\"clientdeviceid\":\"02010001\",\"data\":\"{\\\"power\\\":\\\"on\\\",\\\"color\\\":\\\"g\\\"}\",\"devicecode\":\"RGBLED\"}"}
2018-01-17 01:24:24 [INFO]-[cn.edu.fjjxu.iot.simulator.IotClientHandler] 控制RGBLED的状态为:{"power":"on","color":"g"}
2018-01-17 01:24:26 [INFO]-[cn.edu.fjjxu.iot.simulator.IotClientHandler] 回传数据：[head=118,length=267,content={"code":2,"data":"[{\"clientdeviceid\":\"01010001\",\"data\":\"{\\\"humi\\\":\\\"15\\\",\\\"temp\\\":\\\"10\\\"}\",\"devicecode\":\"DHT11\"},{\"clientdeviceid\":\"02010001\",\"data\":\"{\\\"color\\\":\\\"g\\\",\\\"power\\\":\\\"on\\\"}\",\"devicecode\":\"RGBLED\"}]"}]
2018-01-17 01:24:26 [INFO]-[cn.edu.fjjxu.iot.simulator.IotClientHandler] 收到数据:{"code":2,"data":"{\"msg\":\"ok\",\"success\":true}"}
2018-01-17 01:24:26 [INFO]-[cn.edu.fjjxu.iot.simulator.IotClientHandler] 收到数据:{"code":3,"data":"{\"clientdeviceid\":\"02010001\",\"data\":\"{\\\"power\\\":\\\"on\\\",\\\"color\\\":\\\"b\\\"}\",\"devicecode\":\"RGBLED\"}"}
2018-01-17 01:24:26 [INFO]-[cn.edu.fjjxu.iot.simulator.IotClientHandler] 控制RGBLED的状态为:{"power":"on","color":"b"}
2018-01-17 01:24:28 [INFO]-[cn.edu.fjjxu.iot.simulator.IotClientHandler] 收到数据:{"code":3,"data":"{\"clientdeviceid\":\"02010001\",\"data\":\"{\\\"power\\\":\\\"on\\\",\\\"color\\\":\\\"b\\\"}\",\"devicecode\":\"RGBLED\"}"}
2018-01-17 01:24:28 [INFO]-[cn.edu.fjjxu.iot.simulator.IotClientHandler] 控制RGBLED的状态为:{"power":"on","color":"b"}
2018-01-17 01:24:29 [INFO]-[cn.edu.fjjxu.iot.simulator.IotClientHandler] 收到数据:{"code":3,"data":"{\"clientdeviceid\":\"02010001\",\"data\":\"{\\\"power\\\":\\\"on\\\",\\\"color\\\":\\\"g\\\"}\",\"devicecode\":\"RGBLED\"}"}
2018-01-17 01:24:29 [INFO]-[cn.edu.fjjxu.iot.simulator.IotClientHandler] 控制RGBLED的状态为:{"power":"on","color":"g"}
2018-01-17 01:24:29 [INFO]-[cn.edu.fjjxu.iot.simulator.IotClientHandler] 收到数据:{"code":3,"data":"{\"clientdeviceid\":\"02010001\",\"data\":\"{\\\"power\\\":\\\"on\\\",\\\"color\\\":\\\"r\\\"}\",\"devicecode\":\"RGBLED\"}"}
2018-01-17 01:24:29 [INFO]-[cn.edu.fjjxu.iot.simulator.IotClientHandler] 控制RGBLED的状态为:{"power":"on","color":"r"}
2018-01-17 01:24:31 [INFO]-[cn.edu.fjjxu.iot.simulator.IotClientHandler] 回传数据：[head=118,length=267,content={"code":2,"data":"[{\"clientdeviceid\":\"01010001\",\"data\":\"{\\\"humi\\\":\\\"12\\\",\\\"temp\\\":\\\"10\\\"}\",\"devicecode\":\"DHT11\"},{\"clientdeviceid\":\"02010001\",\"data\":\"{\\\"color\\\":\\\"r\\\",\\\"power\\\":\\\"on\\\"}\",\"devicecode\":\"RGBLED\"}]"}]
2018-01-17 01:24:31 [INFO]-[cn.edu.fjjxu.iot.simulator.IotClientHandler] 收到数据:{"code":2,"data":"{\"msg\":\"ok\",\"success\":true}"}
2018-01-17 01:24:32 [INFO]-[cn.edu.fjjxu.iot.simulator.IotClientHandler] 收到数据:{"code":3,"data":"{\"clientdeviceid\":\"02010001\",\"data\":\"{\\\"power\\\":\\\"on\\\",\\\"color\\\":\\\"r\\\"}\",\"devicecode\":\"RGBLED\"}"}
2018-01-17 01:24:32 [INFO]-[cn.edu.fjjxu.iot.simulator.IotClientHandler] 控制RGBLED的状态为:{"power":"on","color":"r"}
2018-01-17 01:24:33 [INFO]-[cn.edu.fjjxu.iot.simulator.IotClientHandler] 收到数据:{"code":3,"data":"{\"clientdeviceid\":\"02010001\",\"data\":\"{\\\"power\\\":\\\"on\\\",\\\"color\\\":\\\"g\\\"}\",\"devicecode\":\"RGBLED\"}"}
2018-01-17 01:24:33 [INFO]-[cn.edu.fjjxu.iot.simulator.IotClientHandler] 控制RGBLED的状态为:{"power":"on","color":"g"}
2018-01-17 01:24:36 [INFO]-[cn.edu.fjjxu.iot.simulator.IotClientHandler] 收到数据:{"code":3,"data":"{\"clientdeviceid\":\"02010001\",\"data\":\"{\\\"power\\\":\\\"on\\\",\\\"color\\\":\\\"g\\\"}\",\"devicecode\":\"RGBLED\"}"}
2018-01-17 01:24:36 [INFO]-[cn.edu.fjjxu.iot.simulator.IotClientHandler] 控制RGBLED的状态为:{"power":"on","color":"g"}
2018-01-17 01:24:36 [INFO]-[cn.edu.fjjxu.iot.simulator.IotClientHandler] 回传数据：[head=118,length=267,content={"code":2,"data":"[{\"clientdeviceid\":\"01010001\",\"data\":\"{\\\"humi\\\":\\\"18\\\",\\\"temp\\\":\\\"18\\\"}\",\"devicecode\":\"DHT11\"},{\"clientdeviceid\":\"02010001\",\"data\":\"{\\\"color\\\":\\\"g\\\",\\\"power\\\":\\\"on\\\"}\",\"devicecode\":\"RGBLED\"}]"}]
2018-01-17 01:24:36 [INFO]-[cn.edu.fjjxu.iot.simulator.IotClientHandler] 收到数据:{"code":2,"data":"{\"msg\":\"ok\",\"success\":true}"}
2018-01-17 01:24:37 [INFO]-[cn.edu.fjjxu.iot.simulator.IotClientHandler] 收到数据:{"code":3,"data":"{\"clientdeviceid\":\"02010001\",\"data\":\"{\\\"power\\\":\\\"on\\\",\\\"color\\\":\\\"g\\\"}\",\"devicecode\":\"RGBLED\"}"}
2018-01-17 01:24:37 [INFO]-[cn.edu.fjjxu.iot.simulator.IotClientHandler] 控制RGBLED的状态为:{"power":"on","color":"g"}
2018-01-17 01:24:41 [INFO]-[cn.edu.fjjxu.iot.simulator.IotClientHandler] 回传数据：[head=118,length=267,content={"code":2,"data":"[{\"clientdeviceid\":\"01010001\",\"data\":\"{\\\"humi\\\":\\\"15\\\",\\\"temp\\\":\\\"12\\\"}\",\"devicecode\":\"DHT11\"},{\"clientdeviceid\":\"02010001\",\"data\":\"{\\\"color\\\":\\\"g\\\",\\\"power\\\":\\\"on\\\"}\",\"devicecode\":\"RGBLED\"}]"}]
2018-01-17 01:24:41 [INFO]-[cn.edu.fjjxu.iot.simulator.IotClientHandler] 收到数据:{"code":2,"data":"{\"msg\":\"ok\",\"success\":true}"}
2018-01-17 01:24:46 [INFO]-[cn.edu.fjjxu.iot.simulator.IotClientHandler] 回传数据：[head=118,length=267,content={"code":2,"data":"[{\"clientdeviceid\":\"01010001\",\"data\":\"{\\\"humi\\\":\\\"12\\\",\\\"temp\\\":\\\"18\\\"}\",\"devicecode\":\"DHT11\"},{\"clientdeviceid\":\"02010001\",\"data\":\"{\\\"color\\\":\\\"g\\\",\\\"power\\\":\\\"on\\\"}\",\"devicecode\":\"RGBLED\"}]"}]
2018-01-17 01:24:46 [INFO]-[cn.edu.fjjxu.iot.simulator.IotClientHandler] 收到数据:{"code":2,"data":"{\"msg\":\"ok\",\"success\":true}"}
2018-01-17 01:24:51 [INFO]-[cn.edu.fjjxu.iot.simulator.IotClientHandler] 回传数据：[head=118,length=267,content={"code":2,"data":"[{\"clientdeviceid\":\"01010001\",\"data\":\"{\\\"humi\\\":\\\"16\\\",\\\"temp\\\":\\\"18\\\"}\",\"devicecode\":\"DHT11\"},{\"clientdeviceid\":\"02010001\",\"data\":\"{\\\"color\\\":\\\"g\\\",\\\"power\\\":\\\"on\\\"}\",\"devicecode\":\"RGBLED\"}]"}]
2018-01-17 01:24:51 [INFO]-[cn.edu.fjjxu.iot.simulator.IotClientHandler] 收到数据:{"code":2,"data":"{\"msg\":\"ok\",\"success\":true}"}
2018-01-17 01:24:56 [INFO]-[cn.edu.fjjxu.iot.simulator.IotClientHandler] 回传数据：[head=118,length=267,content={"code":2,"data":"[{\"clientdeviceid\":\"01010001\",\"data\":\"{\\\"humi\\\":\\\"14\\\",\\\"temp\\\":\\\"20\\\"}\",\"devicecode\":\"DHT11\"},{\"clientdeviceid\":\"02010001\",\"data\":\"{\\\"color\\\":\\\"g\\\",\\\"power\\\":\\\"on\\\"}\",\"devicecode\":\"RGBLED\"}]"}]
2018-01-17 01:24:56 [INFO]-[cn.edu.fjjxu.iot.simulator.IotClientHandler] 收到数据:{"code":2,"data":"{\"msg\":\"ok\",\"success\":true}"}
2018-01-17 01:25:01 [INFO]-[cn.edu.fjjxu.iot.simulator.IotClientHandler] 回传数据：[head=118,length=267,content={"code":2,"data":"[{\"clientdeviceid\":\"01010001\",\"data\":\"{\\\"humi\\\":\\\"18\\\",\\\"temp\\\":\\\"18\\\"}\",\"devicecode\":\"DHT11\"},{\"clientdeviceid\":\"02010001\",\"data\":\"{\\\"color\\\":\\\"g\\\",\\\"power\\\":\\\"on\\\"}\",\"devicecode\":\"RGBLED\"}]"}]
2018-01-17 01:25:01 [INFO]-[cn.edu.fjjxu.iot.simulator.IotClientHandler] 收到数据:{"code":2,"data":"{\"msg\":\"ok\",\"success\":true}"}
2018-01-17 01:25:06 [INFO]-[cn.edu.fjjxu.iot.simulator.IotClientHandler] 回传数据：[head=118,length=267,content={"code":2,"data":"[{\"clientdeviceid\":\"01010001\",\"data\":\"{\\\"humi\\\":\\\"10\\\",\\\"temp\\\":\\\"19\\\"}\",\"devicecode\":\"DHT11\"},{\"clientdeviceid\":\"02010001\",\"data\":\"{\\\"color\\\":\\\"g\\\",\\\"power\\\":\\\"on\\\"}\",\"devicecode\":\"RGBLED\"}]"}]
2018-01-17 01:25:06 [INFO]-[cn.edu.fjjxu.iot.simulator.IotClientHandler] 收到数据:{"code":2,"data":"{\"msg\":\"ok\",\"success\":true}"}
2018-01-17 01:25:11 [INFO]-[cn.edu.fjjxu.iot.simulator.IotClientHandler] 回传数据：[head=118,length=267,content={"code":2,"data":"[{\"clientdeviceid\":\"01010001\",\"data\":\"{\\\"humi\\\":\\\"16\\\",\\\"temp\\\":\\\"18\\\"}\",\"devicecode\":\"DHT11\"},{\"clientdeviceid\":\"02010001\",\"data\":\"{\\\"color\\\":\\\"g\\\",\\\"power\\\":\\\"on\\\"}\",\"devicecode\":\"RGBLED\"}]"}]
2018-01-17 01:25:11 [INFO]-[cn.edu.fjjxu.iot.simulator.IotClientHandler] 收到数据:{"code":2,"data":"{\"msg\":\"ok\",\"success\":true}"}
2018-01-17 01:25:16 [INFO]-[cn.edu.fjjxu.iot.simulator.IotClientHandler] 回传数据：[head=118,length=267,content={"code":2,"data":"[{\"clientdeviceid\":\"01010001\",\"data\":\"{\\\"humi\\\":\\\"14\\\",\\\"temp\\\":\\\"14\\\"}\",\"devicecode\":\"DHT11\"},{\"clientdeviceid\":\"02010001\",\"data\":\"{\\\"color\\\":\\\"g\\\",\\\"power\\\":\\\"on\\\"}\",\"devicecode\":\"RGBLED\"}]"}]
2018-01-17 01:25:16 [INFO]-[cn.edu.fjjxu.iot.simulator.IotClientHandler] 收到数据:{"code":2,"data":"{\"msg\":\"ok\",\"success\":true}"}
2018-01-17 01:25:21 [INFO]-[cn.edu.fjjxu.iot.simulator.IotClientHandler] 回传数据：[head=118,length=267,content={"code":2,"data":"[{\"clientdeviceid\":\"01010001\",\"data\":\"{\\\"humi\\\":\\\"12\\\",\\\"temp\\\":\\\"17\\\"}\",\"devicecode\":\"DHT11\"},{\"clientdeviceid\":\"02010001\",\"data\":\"{\\\"color\\\":\\\"g\\\",\\\"power\\\":\\\"on\\\"}\",\"devicecode\":\"RGBLED\"}]"}]
2018-01-17 01:25:21 [INFO]-[cn.edu.fjjxu.iot.simulator.IotClientHandler] 收到数据:{"code":2,"data":"{\"msg\":\"ok\",\"success\":true}"}
2018-01-17 01:25:26 [INFO]-[cn.edu.fjjxu.iot.simulator.IotClientHandler] 回传数据：[head=118,length=267,content={"code":2,"data":"[{\"clientdeviceid\":\"01010001\",\"data\":\"{\\\"humi\\\":\\\"14\\\",\\\"temp\\\":\\\"15\\\"}\",\"devicecode\":\"DHT11\"},{\"clientdeviceid\":\"02010001\",\"data\":\"{\\\"color\\\":\\\"g\\\",\\\"power\\\":\\\"on\\\"}\",\"devicecode\":\"RGBLED\"}]"}]
2018-01-17 01:25:26 [INFO]-[cn.edu.fjjxu.iot.simulator.IotClientHandler] 收到数据:{"code":2,"data":"{\"msg\":\"ok\",\"success\":true}"}
